<?xml version="1.0" encoding="UTF-8"?>
<testng-results ignored="0" total="3" passed="2" failed="1" skipped="0">
  <reporter-output>
  </reporter-output>
  <suite started-at="2022-05-01T13:30:17 IST" name="Suite" finished-at="2022-05-01T13:30:56 IST" duration-ms="39114">
    <groups>
    </groups>
    <test started-at="2022-05-01T13:30:17 IST" name="ValidatingTitle" finished-at="2022-05-01T13:30:33 IST" duration-ms="16744">
      <class name="MainProject.ValidateTitle">
        <test-method is-config="true" signature="initial()[pri:0, instance:MainProject.ValidateTitle@10b3df93]" started-at="2022-05-01T13:30:17 IST" name="initial" finished-at="2022-05-01T13:30:32 IST" duration-ms="15783" status="PASS">
          <reporter-output>
          </reporter-output>
        </test-method> <!-- initial -->
        <test-method signature="Landingpage()[pri:0, instance:MainProject.ValidateTitle@10b3df93]" started-at="2022-05-01T13:30:32 IST" name="Landingpage" finished-at="2022-05-01T13:30:33 IST" duration-ms="233" status="FAIL">
          <exception class="java.lang.AssertionError">
            <message>
              <![CDATA[expected [FEATURED COURSES1] but found [FEATURED COURSES]]]>
            </message>
            <full-stacktrace>
              <![CDATA[java.lang.AssertionError: expected [FEATURED COURSES1] but found [FEATURED COURSES]
at org.testng.Assert.fail(Assert.java:110)
at org.testng.Assert.failNotEquals(Assert.java:1413)
at org.testng.Assert.assertEqualsImpl(Assert.java:149)
at org.testng.Assert.assertEquals(Assert.java:131)
at org.testng.Assert.assertEquals(Assert.java:655)
at org.testng.Assert.assertEquals(Assert.java:665)
at MainProject.ValidateTitle.Landingpage(ValidateTitle.java:38)
at java.base/jdk.internal.reflect.NativeMethodAccessorImpl.invoke0(Native Method)
at java.base/jdk.internal.reflect.NativeMethodAccessorImpl.invoke(NativeMethodAccessorImpl.java:62)
at java.base/jdk.internal.reflect.DelegatingMethodAccessorImpl.invoke(DelegatingMethodAccessorImpl.java:43)
at java.base/java.lang.reflect.Method.invoke(Method.java:566)
at org.testng.internal.invokers.MethodInvocationHelper.invokeMethod(MethodInvocationHelper.java:135)
at org.testng.internal.invokers.TestInvoker.invokeMethod(TestInvoker.java:673)
at org.testng.internal.invokers.TestInvoker.invokeTestMethod(TestInvoker.java:220)
at org.testng.internal.invokers.MethodRunner.runInSequence(MethodRunner.java:50)
at org.testng.internal.invokers.TestInvoker$MethodInvocationAgent.invoke(TestInvoker.java:945)
at org.testng.internal.invokers.TestInvoker.invokeTestMethods(TestInvoker.java:193)
at org.testng.internal.invokers.TestMethodWorker.invokeTestMethods(TestMethodWorker.java:146)
at org.testng.internal.invokers.TestMethodWorker.run(TestMethodWorker.java:128)
at java.base/java.util.ArrayList.forEach(ArrayList.java:1541)
at org.testng.TestRunner.privateRun(TestRunner.java:808)
at org.testng.TestRunner.run(TestRunner.java:603)
at org.testng.SuiteRunner.runTest(SuiteRunner.java:429)
at org.testng.SuiteRunner.access$000(SuiteRunner.java:32)
at org.testng.SuiteRunner$SuiteWorker.run(SuiteRunner.java:467)
at org.testng.internal.thread.ThreadUtil.lambda$execute$0(ThreadUtil.java:58)
at java.base/java.util.concurrent.FutureTask.run(FutureTask.java:264)
at java.base/java.util.concurrent.ThreadPoolExecutor.runWorker(ThreadPoolExecutor.java:1128)
at java.base/java.util.concurrent.ThreadPoolExecutor$Worker.run(ThreadPoolExecutor.java:628)
at java.base/java.lang.Thread.run(Thread.java:834)
]]>
            </full-stacktrace>
          </exception> <!-- java.lang.AssertionError -->
          <reporter-output>
          </reporter-output>
        </test-method> <!-- Landingpage -->
        <test-method is-config="true" signature="teardown()[pri:0, instance:MainProject.ValidateTitle@10b3df93]" started-at="2022-05-01T13:30:33 IST" name="teardown" finished-at="2022-05-01T13:30:33 IST" duration-ms="86" status="PASS">
          <reporter-output>
          </reporter-output>
        </test-method> <!-- teardown -->
      </class> <!-- MainProject.ValidateTitle -->
    </test> <!-- ValidatingTitle -->
    <test started-at="2022-05-01T13:30:17 IST" name="Homepage" finished-at="2022-05-01T13:30:56 IST" duration-ms="39114">
      <class name="MainProject.Homepage">
        <test-method is-config="true" signature="initial()[pri:0, instance:MainProject.Homepage@3a80515c]" started-at="2022-05-01T13:30:17 IST" name="initial" finished-at="2022-05-01T13:30:55 IST" duration-ms="38472" status="PASS">
          <reporter-output>
          </reporter-output>
        </test-method> <!-- initial -->
        <test-method signature="Landingpage(java.lang.String,java.lang.String)[pri:0, instance:MainProject.Homepage@3a80515c]" started-at="2022-05-01T13:30:55 IST" name="Landingpage" data-provider="sendData" finished-at="2022-05-01T13:30:55 IST" duration-ms="282" status="PASS">
          <params>
            <param index="0">
              <value>
                <![CDATA[abc@gmail.com]]>
              </value>
            </param>
            <param index="1">
              <value>
                <![CDATA[3493834]]>
              </value>
            </param>
          </params>
          <reporter-output>
          </reporter-output>
        </test-method> <!-- Landingpage -->
        <test-method signature="Landingpage(java.lang.String,java.lang.String)[pri:0, instance:MainProject.Homepage@3a80515c]" started-at="2022-05-01T13:30:55 IST" name="Landingpage" data-provider="sendData" finished-at="2022-05-01T13:30:56 IST" duration-ms="256" status="PASS">
          <params>
            <param index="0">
              <value>
                <![CDATA[xyz@gmail.com]]>
              </value>
            </param>
            <param index="1">
              <value>
                <![CDATA[39394]]>
              </value>
            </param>
          </params>
          <reporter-output>
          </reporter-output>
        </test-method> <!-- Landingpage -->
        <test-method is-config="true" signature="teardown()[pri:0, instance:MainProject.Homepage@3a80515c]" started-at="2022-05-01T13:30:56 IST" name="teardown" finished-at="2022-05-01T13:30:56 IST" duration-ms="89" status="PASS">
          <reporter-output>
          </reporter-output>
        </test-method> <!-- teardown -->
      </class> <!-- MainProject.Homepage -->
    </test> <!-- Homepage -->
  </suite> <!-- Suite -->
</testng-results>
