<?xml version="1.0" encoding="UTF-8"?>
<testng-results ignored="0" total="3" passed="2" failed="1" skipped="0">
  <reporter-output>
  </reporter-output>
  <suite started-at="2022-05-01T11:36:53 IST" name="Suite" finished-at="2022-05-01T11:37:24 IST" duration-ms="30866">
    <groups>
    </groups>
    <test started-at="2022-05-01T11:36:53 IST" name="Homepage" finished-at="2022-05-01T11:37:17 IST" duration-ms="23335">
      <class name="MainProject.Homepage">
        <test-method is-config="true" signature="initial()[pri:0, instance:MainProject.Homepage@7dd712e8]" started-at="2022-05-01T11:36:53 IST" name="initial" finished-at="2022-05-01T11:37:16 IST" duration-ms="22500" status="PASS">
          <reporter-output>
          </reporter-output>
        </test-method> <!-- initial -->
        <test-method signature="Landingpage(java.lang.String,java.lang.String)[pri:0, instance:MainProject.Homepage@7dd712e8]" started-at="2022-05-01T11:37:16 IST" name="Landingpage" data-provider="sendData" finished-at="2022-05-01T11:37:16 IST" duration-ms="360" status="PASS">
          <params>
            <param index="0">
              <value>
                <![CDATA[abc@gmail.com]]>
              </value>
            </param>
            <param index="1">
              <value>
                <![CDATA[3493834]]>
              </value>
            </param>
          </params>
          <reporter-output>
          </reporter-output>
        </test-method> <!-- Landingpage -->
        <test-method signature="Landingpage(java.lang.String,java.lang.String)[pri:0, instance:MainProject.Homepage@7dd712e8]" started-at="2022-05-01T11:37:16 IST" name="Landingpage" data-provider="sendData" finished-at="2022-05-01T11:37:17 IST" duration-ms="299" status="PASS">
          <params>
            <param index="0">
              <value>
                <![CDATA[xyz@gmail.com]]>
              </value>
            </param>
            <param index="1">
              <value>
                <![CDATA[39394]]>
              </value>
            </param>
          </params>
          <reporter-output>
          </reporter-output>
        </test-method> <!-- Landingpage -->
        <test-method is-config="true" signature="teardown()[pri:0, instance:MainProject.Homepage@7dd712e8]" started-at="2022-05-01T11:37:17 IST" name="teardown" finished-at="2022-05-01T11:37:17 IST" duration-ms="86" status="PASS">
          <reporter-output>
          </reporter-output>
        </test-method> <!-- teardown -->
      </class> <!-- MainProject.Homepage -->
    </test> <!-- Homepage -->
    <test started-at="2022-05-01T11:36:53 IST" name="ValidatingTitle" finished-at="2022-05-01T11:37:24 IST" duration-ms="30866">
      <class name="MainProject.ValidateTitle">
        <test-method is-config="true" signature="initial()[pri:0, instance:MainProject.ValidateTitle@5fd9b663]" started-at="2022-05-01T11:36:53 IST" name="initial" finished-at="2022-05-01T11:37:24 IST" duration-ms="30194" status="PASS">
          <reporter-output>
          </reporter-output>
        </test-method> <!-- initial -->
        <test-method signature="Landingpage()[pri:0, instance:MainProject.ValidateTitle@5fd9b663]" started-at="2022-05-01T11:37:24 IST" name="Landingpage" finished-at="2022-05-01T11:37:24 IST" duration-ms="113" status="FAIL">
          <exception class="java.lang.AssertionError">
            <message>
              <![CDATA[expected [FEATURED COURSES1] but found [FEATURED COURSES]]]>
            </message>
            <full-stacktrace>
              <![CDATA[java.lang.AssertionError: expected [FEATURED COURSES1] but found [FEATURED COURSES]
at org.testng.Assert.fail(Assert.java:99)
at org.testng.Assert.failNotEquals(Assert.java:1037)
at org.testng.Assert.assertEqualsImpl(Assert.java:140)
at org.testng.Assert.assertEquals(Assert.java:122)
at org.testng.Assert.assertEquals(Assert.java:629)
at org.testng.Assert.assertEquals(Assert.java:639)
at MainProject.ValidateTitle.Landingpage(ValidateTitle.java:38)
at java.base/jdk.internal.reflect.NativeMethodAccessorImpl.invoke0(Native Method)
at java.base/jdk.internal.reflect.NativeMethodAccessorImpl.invoke(NativeMethodAccessorImpl.java:77)
at java.base/jdk.internal.reflect.DelegatingMethodAccessorImpl.invoke(DelegatingMethodAccessorImpl.java:43)
at java.base/java.lang.reflect.Method.invoke(Method.java:568)
at org.testng.internal.MethodInvocationHelper.invokeMethod(MethodInvocationHelper.java:133)
at org.testng.internal.TestInvoker.invokeMethod(TestInvoker.java:598)
at org.testng.internal.TestInvoker.invokeTestMethod(TestInvoker.java:173)
at org.testng.internal.MethodRunner.runInSequence(MethodRunner.java:46)
at org.testng.internal.TestInvoker$MethodInvocationAgent.invoke(TestInvoker.java:824)
at org.testng.internal.TestInvoker.invokeTestMethods(TestInvoker.java:146)
at org.testng.internal.TestMethodWorker.invokeTestMethods(TestMethodWorker.java:146)
at org.testng.internal.TestMethodWorker.run(TestMethodWorker.java:128)
at java.base/java.util.ArrayList.forEach(ArrayList.java:1511)
at org.testng.TestRunner.privateRun(TestRunner.java:794)
at org.testng.TestRunner.run(TestRunner.java:596)
at org.testng.SuiteRunner.runTest(SuiteRunner.java:377)
at org.testng.SuiteRunner.access$000(SuiteRunner.java:28)
at org.testng.SuiteRunner$SuiteWorker.run(SuiteRunner.java:418)
at org.testng.internal.thread.ThreadUtil.lambda$execute$0(ThreadUtil.java:64)
at java.base/java.util.concurrent.FutureTask.run(FutureTask.java:264)
at java.base/java.util.concurrent.ThreadPoolExecutor.runWorker(ThreadPoolExecutor.java:1136)
at java.base/java.util.concurrent.ThreadPoolExecutor$Worker.run(ThreadPoolExecutor.java:635)
at java.base/java.lang.Thread.run(Thread.java:833)
]]>
            </full-stacktrace>
          </exception> <!-- java.lang.AssertionError -->
          <reporter-output>
          </reporter-output>
        </test-method> <!-- Landingpage -->
        <test-method is-config="true" signature="teardown()[pri:0, instance:MainProject.ValidateTitle@5fd9b663]" started-at="2022-05-01T11:37:24 IST" name="teardown" finished-at="2022-05-01T11:37:24 IST" duration-ms="65" status="PASS">
          <reporter-output>
          </reporter-output>
        </test-method> <!-- teardown -->
      </class> <!-- MainProject.ValidateTitle -->
    </test> <!-- ValidatingTitle -->
  </suite> <!-- Suite -->
</testng-results>
